Deadlock Detection:

No deadlocks found.

Thread 25199: (state = IN_NATIVE)


Thread 34375: (state = IN_NATIVE)


Thread 29583: (state = IN_NATIVE)


Thread 34051: (state = IN_NATIVE)


Thread 35727: (state = IN_NATIVE)
Error occurred during stack walking:


Thread 21351: (state = IN_NATIVE)


Thread 34359: (state = IN_NATIVE)
Error occurred during stack walking:


Thread 21347: (state = IN_NATIVE)
Error occurred during stack walking:


Thread 29567: (state = IN_NATIVE)
Error occurred during stack walking:


Thread 21343: (state = IN_NATIVE)
Error occurred during stack walking:


Thread 32591: (state = IN_NATIVE)
Error occurred during stack walking:


Thread 30855: (state = IN_NATIVE)
Error occurred during stack walking:


Thread 35655: (state = IN_NATIVE)
Error occurred during stack walking:


Thread 35251: (state = IN_NATIVE)
Error occurred during stack walking:


Thread 21319: (state = IN_NATIVE)
Error occurred during stack walking:


Thread 32623: (state = IN_NATIVE)
Error occurred during stack walking:


Thread 30943: (state = IN_NATIVE)
Error occurred during stack walking:


Thread 33947: (state = IN_NATIVE)
Error occurred during stack walking:


Thread 5135: (state = IN_NATIVE)
Error occurred during stack walking:


Thread 25179: (state = IN_NATIVE)
Error occurred during stack walking:


Thread 34727: (state = IN_NATIVE)
Error occurred during stack walking:


Thread 30055: (state = IN_NATIVE)
Error occurred during stack walking:


Thread 35219: (state = IN_NATIVE)
Error occurred during stack walking:


Thread 34723: (state = IN_NATIVE)
Error occurred during stack walking:


Thread 34103: (state = IN_NATIVE)
Error occurred during stack walking:


Thread 28279: (state = IN_NATIVE)
Error occurred during stack walking:


Thread 34515: (state = IN_NATIVE)
Error occurred during stack walking:


Thread 30971: (state = IN_NATIVE)
Error occurred during stack walking:


Thread 32611: (state = IN_NATIVE)
Error occurred during stack walking:


Thread 30947: (state = IN_NATIVE)
Error occurred during stack walking:


Thread 29443: (state = IN_NATIVE)
Error occurred during stack walking:


Thread 34483: (state = IN_NATIVE)
Error occurred during stack walking:


Thread 28395: (state = IN_NATIVE)
Error occurred during stack walking:


Thread 34063: (state = IN_NATIVE)
Error occurred during stack walking:


Thread 33843: (state = IN_NATIVE)
Error occurred during stack walking:


Thread 25175: (state = IN_NATIVE)
Error occurred during stack walking:


Thread 26031: (state = BLOCKED)
 - sun.misc.Unsafe.park(boolean, long) @bci=0 (Interpreted frame)
 - java.util.concurrent.locks.LockSupport.park(java.lang.Object) @bci=14, line=186 (Interpreted frame)
 - java.util.concurrent.locks.AbstractQueuedSynchronizer$ConditionObject.await() @bci=42, line=2043 (Interpreted frame)
 - java.util.concurrent.LinkedBlockingQueue.take() @bci=29, line=442 (Interpreted frame)
 - s.rt.doRun() @bci=13 (Interpreted frame)
 - s.bpp.bR() @bci=1 (Interpreted frame)
 - s.bpq.bR() @bci=11 (Interpreted frame)
 - s.bpp.run() @bci=1 (Interpreted frame)
 - java.util.concurrent.Executors$RunnableAdapter.call() @bci=4, line=471 (Interpreted frame)
 - java.util.concurrent.FutureTask.run() @bci=42, line=262 (Interpreted frame)
 - java.util.concurrent.ThreadPoolExecutor.runWorker(java.util.concurrent.ThreadPoolExecutor$Worker) @bci=95, line=1145 (Interpreted frame)
 - java.util.concurrent.ThreadPoolExecutor$Worker.run() @bci=5, line=615 (Interpreted frame)
 - java.lang.Thread.run() @bci=11, line=745 (Interpreted frame)


Thread 32379: (state = IN_NATIVE)
Error occurred during stack walking:


Thread 25879: (state = IN_NATIVE)
Error occurred during stack walking:


Thread 21323: (state = IN_NATIVE)
Error occurred during stack walking:


Thread 32255: (state = IN_NATIVE)
Error occurred during stack walking:


Thread 30023: (state = IN_NATIVE)
Error occurred during stack walking:


Thread 12111: (state = IN_NATIVE)
Error occurred during stack walking:


Thread 25875: (state = IN_NATIVE)
Error occurred during stack walking:


Thread 6147: (state = IN_NATIVE)


Thread 25103: (state = IN_NATIVE)
Error occurred during stack walking:


Thread 12095: (state = IN_NATIVE)
Error occurred during stack walking:


Thread 28967: (state = IN_NATIVE)
Error occurred during stack walking:


Thread 29987: (state = IN_NATIVE)
Error occurred during stack walking:


Thread 6403: (state = IN_NATIVE)


Thread 6659: (state = IN_NATIVE)


Thread 30251: (state = IN_NATIVE)
Error occurred during stack walking:


Thread 30499: (state = IN_NATIVE)
Error occurred during stack walking:


Thread 24583: (state = IN_NATIVE)
Error occurred during stack walking:


Thread 21311: (state = IN_NATIVE)
Error occurred during stack walking:


Thread 29727: (state = IN_NATIVE)
Error occurred during stack walking:


Thread 29447: (state = IN_NATIVE)
Error occurred during stack walking:


Thread 29979: (state = IN_NATIVE)
Error occurred during stack walking:


Thread 5379: (state = IN_NATIVE)


Thread 28163: (state = IN_NATIVE)
Error occurred during stack walking:


Thread 28419: (state = BLOCKED)
 - sun.misc.Unsafe.park(boolean, long) @bci=0 (Interpreted frame)
 - java.util.concurrent.locks.LockSupport.park(java.lang.Object) @bci=14, line=186 (Interpreted frame)
 - java.util.concurrent.locks.AbstractQueuedSynchronizer$ConditionObject.await() @bci=42, line=2043 (Interpreted frame)
 - java.util.concurrent.LinkedBlockingQueue.take() @bci=29, line=442 (Interpreted frame)
 - java.util.concurrent.ThreadPoolExecutor.getTask() @bci=156, line=1068 (Interpreted frame)
 - java.util.concurrent.ThreadPoolExecutor.runWorker(java.util.concurrent.ThreadPoolExecutor$Worker) @bci=26, line=1130 (Interpreted frame)
 - java.util.concurrent.ThreadPoolExecutor$Worker.run() @bci=5, line=615 (Interpreted frame)
 - java.lang.Thread.run() @bci=11, line=745 (Interpreted frame)


Thread 4355: (state = IN_NATIVE)


Thread 14091: (state = BLOCKED)
 - sun.misc.Unsafe.park(boolean, long) @bci=0 (Interpreted frame)
 - java.util.concurrent.locks.LockSupport.park(java.lang.Object) @bci=14, line=186 (Interpreted frame)
 - java.util.concurrent.locks.AbstractQueuedSynchronizer$ConditionObject.await() @bci=42, line=2043 (Interpreted frame)
 - java.util.concurrent.LinkedBlockingQueue.take() @bci=29, line=442 (Interpreted frame)
 - java.util.concurrent.ThreadPoolExecutor.getTask() @bci=156, line=1068 (Interpreted frame)
 - java.util.concurrent.ThreadPoolExecutor.runWorker(java.util.concurrent.ThreadPoolExecutor$Worker) @bci=26, line=1130 (Interpreted frame)
 - java.util.concurrent.ThreadPoolExecutor$Worker.run() @bci=5, line=615 (Interpreted frame)
 - java.lang.Thread.run() @bci=11, line=745 (Interpreted frame)


Thread 19983: (state = BLOCKED)
 - sun.misc.Unsafe.park(boolean, long) @bci=0 (Interpreted frame)
 - java.util.concurrent.locks.LockSupport.park(java.lang.Object) @bci=14, line=186 (Interpreted frame)
 - java.util.concurrent.locks.AbstractQueuedSynchronizer$ConditionObject.await() @bci=42, line=2043 (Interpreted frame)
 - java.util.concurrent.LinkedBlockingQueue.take() @bci=29, line=442 (Interpreted frame)
 - java.util.concurrent.ThreadPoolExecutor.getTask() @bci=156, line=1068 (Interpreted frame)
 - java.util.concurrent.ThreadPoolExecutor.runWorker(java.util.concurrent.ThreadPoolExecutor$Worker) @bci=26, line=1130 (Interpreted frame)
 - java.util.concurrent.ThreadPoolExecutor$Worker.run() @bci=5, line=615 (Interpreted frame)
 - java.lang.Thread.run() @bci=11, line=745 (Interpreted frame)


Thread 5891: (state = IN_NATIVE)


Thread 24323: (state = IN_NATIVE)


Thread 27651: (state = BLOCKED)
 - sun.misc.Unsafe.park(boolean, long) @bci=0 (Interpreted frame)
 - java.util.concurrent.locks.LockSupport.park(java.lang.Object) @bci=14, line=186 (Interpreted frame)
 - java.util.concurrent.locks.AbstractQueuedSynchronizer$ConditionObject.await() @bci=42, line=2043 (Interpreted frame)
 - java.util.concurrent.LinkedBlockingQueue.take() @bci=29, line=442 (Interpreted frame)
 - java.util.concurrent.ThreadPoolExecutor.getTask() @bci=156, line=1068 (Interpreted frame)
 - java.util.concurrent.ThreadPoolExecutor.runWorker(java.util.concurrent.ThreadPoolExecutor$Worker) @bci=26, line=1130 (Interpreted frame)
 - java.util.concurrent.ThreadPoolExecutor$Worker.run() @bci=5, line=615 (Interpreted frame)
 - java.lang.Thread.run() @bci=11, line=745 (Interpreted frame)


Thread 27139: (state = BLOCKED)
 - java.lang.Thread.sleep(long) @bci=0 (Interpreted frame)
 - s.b.b(long) @bci=3 (Interpreted frame)
 - s.mz.doRun() @bci=18 (Compiled frame)
 - s.bpp.bR() @bci=1 (Interpreted frame)
 - s.bpq.bR() @bci=11 (Interpreted frame)
 - s.bpp.run() @bci=1 (Interpreted frame)
 - java.util.concurrent.Executors$RunnableAdapter.call() @bci=4, line=471 (Interpreted frame)
 - java.util.concurrent.FutureTask.run() @bci=42, line=262 (Interpreted frame)
 - java.util.concurrent.ThreadPoolExecutor.runWorker(java.util.concurrent.ThreadPoolExecutor$Worker) @bci=95, line=1145 (Interpreted frame)
 - java.util.concurrent.ThreadPoolExecutor$Worker.run() @bci=5, line=615 (Interpreted frame)
 - java.lang.Thread.run() @bci=11, line=745 (Interpreted frame)


Thread 26627: (state = IN_NATIVE)
 - java.net.SocketInputStream.socketRead0(java.io.FileDescriptor, byte[], int, int, int) @bci=0 (Interpreted frame)
 - java.net.SocketInputStream.read(byte[], int, int, int) @bci=87, line=152 (Interpreted frame)
 - java.net.SocketInputStream.read(byte[], int, int) @bci=11, line=122 (Compiled frame)
 - sun.security.ssl.InputRecord.readFully(java.io.InputStream, byte[], int, int) @bci=21, line=442 (Compiled frame)
 - sun.security.ssl.InputRecord.read(java.io.InputStream, java.io.OutputStream) @bci=32, line=480 (Interpreted frame)
 - sun.security.ssl.SSLSocketImpl.readRecord(sun.security.ssl.InputRecord, boolean) @bci=44, line=927 (Compiled frame)
 - sun.security.ssl.SSLSocketImpl.readDataRecord(sun.security.ssl.InputRecord) @bci=15, line=884 (Interpreted frame)
 - sun.security.ssl.AppInputStream.read(byte[], int, int) @bci=72, line=102 (Compiled frame)
 - java.io.BufferedInputStream.fill() @bci=175, line=235 (Interpreted frame)
 - java.io.BufferedInputStream.read1(byte[], int, int) @bci=44, line=275 (Interpreted frame)
 - java.io.BufferedInputStream.read(byte[], int, int) @bci=49, line=334 (Interpreted frame)
 - sun.net.www.http.ChunkedInputStream.readAheadBlocking() @bci=38, line=552 (Interpreted frame)
 - sun.net.www.http.ChunkedInputStream.readAhead(boolean) @bci=36, line=609 (Interpreted frame)
 - sun.net.www.http.ChunkedInputStream.read(byte[], int, int) @bci=80, line=696 (Interpreted frame)
 - java.io.FilterInputStream.read(byte[], int, int) @bci=7, line=133 (Interpreted frame)
 - sun.net.www.protocol.http.HttpURLConnection$HttpInputStream.read(byte[], int, int) @bci=4, line=3053 (Interpreted frame)
 - sun.net.www.protocol.http.HttpURLConnection$HttpInputStream.read(byte[]) @bci=5, line=3047 (Interpreted frame)
 - sun.net.www.protocol.http.HttpURLConnection$HttpInputStream.read() @bci=6, line=3035 (Interpreted frame)
 - com.google.protobuf.AbstractParser.parsePartialDelimitedFrom(java.io.InputStream, com.google.protobuf.ExtensionRegistryLite) @bci=1, line=232 (Interpreted frame)
 - com.google.protobuf.AbstractParser.parseDelimitedFrom(java.io.InputStream, com.google.protobuf.ExtensionRegistryLite) @bci=4, line=253 (Interpreted frame)
 - com.google.protobuf.AbstractParser.parseDelimitedFrom(java.io.InputStream) @bci=5, line=259 (Interpreted frame)
 - com.google.protobuf.AbstractParser.parseDelimitedFrom(java.io.InputStream) @bci=2, line=49 (Interpreted frame)
 - s.aiy.c(java.io.InputStream) @bci=4 (Interpreted frame)
 - s.rs.doRun() @bci=76 (Interpreted frame)
 - s.bpp.bR() @bci=1 (Interpreted frame)
 - s.bpq.bR() @bci=11 (Interpreted frame)
 - s.bpp.run() @bci=1 (Interpreted frame)
 - java.util.concurrent.Executors$RunnableAdapter.call() @bci=4, line=471 (Interpreted frame)
 - java.util.concurrent.FutureTask.run() @bci=42, line=262 (Interpreted frame)
 - java.util.concurrent.ThreadPoolExecutor.runWorker(java.util.concurrent.ThreadPoolExecutor$Worker) @bci=95, line=1145 (Interpreted frame)
 - java.util.concurrent.ThreadPoolExecutor$Worker.run() @bci=5, line=615 (Interpreted frame)
 - java.lang.Thread.run() @bci=11, line=745 (Interpreted frame)


Thread 26119: (state = BLOCKED)
 - sun.misc.Unsafe.park(boolean, long) @bci=0 (Interpreted frame)
 - java.util.concurrent.locks.LockSupport.parkNanos(java.lang.Object, long) @bci=20, line=226 (Interpreted frame)
 - java.util.concurrent.locks.AbstractQueuedSynchronizer$ConditionObject.awaitNanos(long) @bci=68, line=2082 (Interpreted frame)
 - java.util.concurrent.ScheduledThreadPoolExecutor$DelayedWorkQueue.take() @bci=122, line=1090 (Interpreted frame)
 - java.util.concurrent.ScheduledThreadPoolExecutor$DelayedWorkQueue.take() @bci=1, line=807 (Interpreted frame)
 - java.util.concurrent.ThreadPoolExecutor.getTask() @bci=156, line=1068 (Interpreted frame)
 - java.util.concurrent.ThreadPoolExecutor.runWorker(java.util.concurrent.ThreadPoolExecutor$Worker) @bci=26, line=1130 (Interpreted frame)
 - java.util.concurrent.ThreadPoolExecutor$Worker.run() @bci=5, line=615 (Interpreted frame)
 - java.lang.Thread.run() @bci=11, line=745 (Interpreted frame)


Thread 25091: (state = IN_NATIVE)
Error occurred during stack walking:


Thread 24835: (state = IN_NATIVE)


Thread 5123: (state = IN_NATIVE)
Error occurred during stack walking:


Thread 4867: (state = IN_NATIVE)
 - java.net.SocketOutputStream.socketWrite0(java.io.FileDescriptor, byte[], int, int) @bci=0 (Interpreted frame)
 - java.net.SocketOutputStream.socketWrite(byte[], int, int) @bci=52, line=113 (Interpreted frame)
 - java.net.SocketOutputStream.write(byte[], int, int) @bci=4, line=159 (Interpreted frame)
 - sun.security.ssl.OutputRecord.writeBuffer(java.io.OutputStream, byte[], int, int, int) @bci=5, line=377 (Interpreted frame)
 - sun.security.ssl.OutputRecord.write(java.io.OutputStream, boolean, java.io.ByteArrayOutputStream) @bci=458, line=363 (Interpreted frame)
 - sun.security.ssl.SSLSocketImpl.writeRecordInternal(sun.security.ssl.OutputRecord, boolean) @bci=62, line=830 (Interpreted frame)
 - sun.security.ssl.SSLSocketImpl.writeRecord(sun.security.ssl.OutputRecord, boolean) @bci=302, line=801 (Interpreted frame)
 - sun.security.ssl.AppOutputStream.write(byte[], int, int) @bci=161, line=122 (Compiled frame)
 - java.io.BufferedOutputStream.write(byte[], int, int) @bci=20, line=122 (Interpreted frame)
 - java.io.PrintStream.write(byte[], int, int) @bci=16, line=480 (Interpreted frame)
 - java.io.ByteArrayOutputStream.writeTo(java.io.OutputStream) @bci=10, line=154 (Interpreted frame)
 - sun.net.www.http.HttpClient.writeRequests(sun.net.www.MessageHeader, sun.net.www.http.PosterOutputStream) @bci=36, line=602 (Interpreted frame)
 - sun.net.www.http.HttpClient.writeRequests(sun.net.www.MessageHeader, sun.net.www.http.PosterOutputStream, boolean) @bci=8, line=610 (Interpreted frame)
 - sun.net.www.protocol.http.HttpURLConnection.writeRequests() @bci=680, line=619 (Interpreted frame)
 - sun.net.www.protocol.http.HttpURLConnection.getInputStream() @bci=311, line=1321 (Interpreted frame)
 - java.net.HttpURLConnection.getResponseCode() @bci=16, line=468 (Interpreted frame)
 - sun.net.www.protocol.https.HttpsURLConnectionImpl.getResponseCode() @bci=4, line=338 (Interpreted frame)
 - s.pb.d(java.lang.String, s.f) @bci=80 (Interpreted frame)
 - s.pb.b(java.lang.String, java.io.File) @bci=9 (Interpreted frame)
 - s.nb.a(java.lang.String, java.io.File) @bci=2 (Interpreted frame)
 - s.oo.dd() @bci=330 (Interpreted frame)
 - s.oc.a(java.lang.String, s.ayn, java.util.Map, java.util.List) @bci=674 (Compiled frame)
 - s.oc.a(java.lang.String, s.ayn, java.util.Map, s.bro) @bci=729 (Compiled frame)
 - s.oc.a(s.ayn, java.lang.String, java.util.Map, s.bro) @bci=104 (Interpreted frame)
 - s.oc.b(s.yd) @bci=211 (Interpreted frame)
 - a.SI.m(byte[]) @bci=483 (Interpreted frame)


Thread 22787: (state = IN_NATIVE)


Thread 4611: (state = IN_NATIVE)


Thread 22019: (state = BLOCKED)
 - sun.misc.Unsafe.park(boolean, long) @bci=0 (Interpreted frame)
 - java.util.concurrent.locks.LockSupport.parkNanos(java.lang.Object, long) @bci=20, line=226 (Interpreted frame)
 - java.util.concurrent.locks.AbstractQueuedSynchronizer$ConditionObject.awaitNanos(long) @bci=68, line=2082 (Interpreted frame)
 - java.util.concurrent.ScheduledThreadPoolExecutor$DelayedWorkQueue.take() @bci=122, line=1090 (Interpreted frame)
 - java.util.concurrent.ScheduledThreadPoolExecutor$DelayedWorkQueue.take() @bci=1, line=807 (Interpreted frame)
 - java.util.concurrent.ThreadPoolExecutor.getTask() @bci=156, line=1068 (Interpreted frame)
 - java.util.concurrent.ThreadPoolExecutor.runWorker(java.util.concurrent.ThreadPoolExecutor$Worker) @bci=26, line=1130 (Interpreted frame)
 - java.util.concurrent.ThreadPoolExecutor$Worker.run() @bci=5, line=615 (Interpreted frame)
 - java.lang.Thread.run() @bci=11, line=745 (Interpreted frame)


Thread 21507: (state = BLOCKED)
 - sun.misc.Unsafe.park(boolean, long) @bci=0 (Interpreted frame)
 - java.util.concurrent.locks.LockSupport.parkNanos(java.lang.Object, long) @bci=20, line=226 (Interpreted frame)
 - java.util.concurrent.locks.AbstractQueuedSynchronizer$ConditionObject.awaitNanos(long) @bci=68, line=2082 (Interpreted frame)
 - java.util.concurrent.ScheduledThreadPoolExecutor$DelayedWorkQueue.take() @bci=122, line=1090 (Interpreted frame)
 - java.util.concurrent.ScheduledThreadPoolExecutor$DelayedWorkQueue.take() @bci=1, line=807 (Interpreted frame)
 - java.util.concurrent.ThreadPoolExecutor.getTask() @bci=156, line=1068 (Interpreted frame)
 - java.util.concurrent.ThreadPoolExecutor.runWorker(java.util.concurrent.ThreadPoolExecutor$Worker) @bci=26, line=1130 (Interpreted frame)
 - java.util.concurrent.ThreadPoolExecutor$Worker.run() @bci=5, line=615 (Interpreted frame)
 - java.lang.Thread.run() @bci=11, line=745 (Interpreted frame)


Thread 19203: (state = BLOCKED)
 - sun.misc.Unsafe.park(boolean, long) @bci=0 (Interpreted frame)
 - java.util.concurrent.locks.LockSupport.park(java.lang.Object) @bci=14, line=186 (Interpreted frame)
 - java.util.concurrent.locks.AbstractQueuedSynchronizer$ConditionObject.await() @bci=42, line=2043 (Interpreted frame)
 - java.util.concurrent.LinkedBlockingQueue.take() @bci=29, line=442 (Interpreted frame)
 - java.util.concurrent.ThreadPoolExecutor.getTask() @bci=156, line=1068 (Interpreted frame)
 - java.util.concurrent.ThreadPoolExecutor.runWorker(java.util.concurrent.ThreadPoolExecutor$Worker) @bci=26, line=1130 (Interpreted frame)
 - java.util.concurrent.ThreadPoolExecutor$Worker.run() @bci=5, line=615 (Interpreted frame)
 - java.lang.Thread.run() @bci=11, line=745 (Interpreted frame)


Thread 16643: (state = BLOCKED)


Thread 11011: (state = BLOCKED)
 - java.lang.Object.wait(long) @bci=0 (Interpreted frame)
 - java.lang.ref.ReferenceQueue.remove(long) @bci=44, line=135 (Compiled frame)
 - java.lang.ref.ReferenceQueue.remove() @bci=2, line=151 (Compiled frame)
 - java.lang.ref.Finalizer$FinalizerThread.run() @bci=36, line=209 (Compiled frame)


Thread 10499: (state = BLOCKED)
 - java.lang.Object.wait(long) @bci=0 (Interpreted frame)
 - java.lang.Object.wait() @bci=2, line=503 (Compiled frame)
 - java.lang.ref.Reference$ReferenceHandler.run() @bci=46, line=133 (Compiled frame)


Thread 1287: (state = IN_NATIVE)


